#
# A fatal error has been detected by the Java Runtime Environment:
#
#  Internal Error (javaClasses.cpp:127), pid=14316, tid=8948
#  fatal error: Invalid layout of preloaded class
#
# JRE version:  (8.0_40-b25) (build )
# Java VM: Java HotSpot(TM) 64-Bit Server VM (25.40-b25 mixed mode windows-amd64 compressed oops)
# Failed to write core dump. Minidumps are not enabled by default on client versions of Windows
#
# If you would like to submit a bug report, please visit:
#   http://bugreport.java.com/bugreport/crash.jsp
#

---------------  T H R E A D  ---------------

Current thread (0x0000000002040800):  JavaThread "Unknown thread" [_thread_in_vm, id=8948, stack(0x0000000001f40000,0x0000000002040000)]

Stack: [0x0000000001f40000,0x0000000002040000]
Native frames: (J=compiled Java code, j=interpreted, Vv=VM code, C=native code)
V  [jvm.dll+0x32b47a]
V  [jvm.dll+0x2797f3]
V  [jvm.dll+0x27a489]
V  [jvm.dll+0x271726]
V  [jvm.dll+0x67fd3]
V  [jvm.dll+0x680c3]
V  [jvm.dll+0x7d63a]
V  [jvm.dll+0x7d9a6]
V  [jvm.dll+0xf2077]
V  [jvm.dll+0xf2406]
V  [jvm.dll+0x20f107]
V  [jvm.dll+0x240d9a]
V  [jvm.dll+0x15b941]
C  [javaw.exe+0x217e]
C  [javaw.exe+0xcd17]
C  [javaw.exe+0xcdab]
C  [KERNEL32.DLL+0x15dd]
C  [ntdll.dll+0x743d1]


---------------  P R O C E S S  ---------------

Java Threads: ( => current thread )

Other Threads:

=>0x0000000002040800 (exited) JavaThread "Unknown thread" [_thread_in_vm, id=8948, stack(0x0000000001f40000,0x0000000002040000)]

VM state:not at safepoint (not fully initialized)

VM Mutex/Monitor currently owned by a thread: None

GC Heap History (0 events):
No events

Deoptimization events (0 events):
No events

Internal exceptions (0 events):
No events

Events (10 events):
Event: 0.018 loading class java/lang/CharSequence done
Event: 0.019 loading class java/lang/String done
Event: 0.019 loading class java/lang/Class
Event: 0.019 loading class java/lang/reflect/AnnotatedElement
Event: 0.019 loading class java/lang/reflect/AnnotatedElement done
Event: 0.019 loading class java/lang/reflect/GenericDeclaration
Event: 0.019 loading class java/lang/reflect/GenericDeclaration done
Event: 0.019 loading class java/lang/reflect/Type
Event: 0.019 loading class java/lang/reflect/Type done
Event: 0.019 loading class java/lang/Class done


Dynamic libraries:
0x00007ff6adb80000 - 0x00007ff6adbb7000 	D:\jdk1.8.0_40\bin\javaw.exe
0x00007ff9013d0000 - 0x00007ff901579000 	C:\windows\SYSTEM32\ntdll.dll
0x00007ff8ff580000 - 0x00007ff8ff6b9000 	C:\windows\system32\KERNEL32.DLL
0x00007ff8fe820000 - 0x00007ff8fe92e000 	C:\windows\system32\KERNELBASE.dll
0x00007ff8fd070000 - 0x00007ff8fd0fb000 	C:\windows\system32\apphelp.dll
0x00007ff8f5240000 - 0x00007ff8f528f000 	C:\windows\AppPatch\AppPatch64\AcGenral.DLL
0x00007ff8fec60000 - 0x00007ff8fed07000 	C:\windows\system32\msvcrt.dll
0x00007ff8fe600000 - 0x00007ff8fe62b000 	C:\windows\SYSTEM32\SspiCli.dll
0x00007ff8ff3a0000 - 0x00007ff8ff3f1000 	C:\windows\system32\SHLWAPI.dll
0x00007ff8ff400000 - 0x00007ff8ff571000 	C:\windows\system32\USER32.dll
0x00007ff8fef50000 - 0x00007ff8ff0c6000 	C:\windows\system32\ole32.dll
0x00007ff8ff840000 - 0x00007ff900c4d000 	C:\windows\system32\SHELL32.dll
0x00007ff8fdde0000 - 0x00007ff8fddff000 	C:\windows\SYSTEM32\USERENV.dll
0x00007ff8ff230000 - 0x00007ff8ff2d5000 	C:\windows\system32\ADVAPI32.dll
0x00007ff8e95a0000 - 0x00007ff8e95bb000 	C:\windows\SYSTEM32\MPR.dll
0x00007ff900d00000 - 0x00007ff900e36000 	C:\windows\system32\RPCRT4.dll
0x00007ff8ff7e0000 - 0x00007ff8ff837000 	C:\windows\SYSTEM32\sechost.dll
0x00007ff900ff0000 - 0x00007ff9011c7000 	C:\windows\SYSTEM32\combase.dll
0x00007ff8ff0e0000 - 0x00007ff8ff225000 	C:\windows\system32\GDI32.dll
0x00007ff8fe750000 - 0x00007ff8fe764000 	C:\windows\SYSTEM32\profapi.dll
0x00007ff8fcd00000 - 0x00007ff8fcda1000 	C:\windows\SYSTEM32\SHCORE.dll
0x00007ff8fef10000 - 0x00007ff8fef44000 	C:\windows\system32\IMM32.DLL
0x00007ff8fed10000 - 0x00007ff8fee48000 	C:\windows\system32\MSCTF.dll
0x00007ff8fc650000 - 0x00007ff8fc8aa000 	C:\windows\WinSxS\amd64_microsoft.windows.common-controls_6595b64144ccf1df_6.0.9600.16384_none_62475f7becb72503\COMCTL32.dll
0x0000000072760000 - 0x0000000072832000 	D:\jdk1.8.0_40\jre\bin\msvcr100.dll
0x0000000071dd0000 - 0x0000000072653000 	D:\jdk1.8.0_40\jre\bin\server\jvm.dll
0x00007ff8f0050000 - 0x00007ff8f0059000 	C:\windows\SYSTEM32\WSOCK32.dll
0x00007ff8f8190000 - 0x00007ff8f81af000 	C:\windows\SYSTEM32\WINMM.dll
0x00007ff8f2d90000 - 0x00007ff8f2d9a000 	C:\windows\SYSTEM32\VERSION.dll
0x00007ff8ff0d0000 - 0x00007ff8ff0d7000 	C:\windows\system32\PSAPI.DLL
0x00007ff8ff770000 - 0x00007ff8ff7c8000 	C:\windows\system32\WS2_32.dll
0x00007ff8f8160000 - 0x00007ff8f818a000 	C:\windows\SYSTEM32\WINMMBASE.dll
0x00007ff8ff7d0000 - 0x00007ff8ff7d9000 	C:\windows\system32\NSI.dll
0x00007ff8fe930000 - 0x00007ff8fe97a000 	C:\windows\SYSTEM32\cfgmgr32.dll
0x00007ff8fd5d0000 - 0x00007ff8fd5f6000 	C:\windows\SYSTEM32\DEVOBJ.dll
0x0000000072b60000 - 0x0000000072b6f000 	D:\jdk1.8.0_40\jre\bin\verify.dll
0x0000000072b30000 - 0x0000000072b59000 	D:\jdk1.8.0_40\jre\bin\java.dll
0x0000000072b10000 - 0x0000000072b26000 	D:\jdk1.8.0_40\jre\bin\zip.dll
0x00007ff8e28f0000 - 0x00007ff8e2a78000 	C:\windows\SYSTEM32\dbghelp.dll

VM Arguments:
jvm_args: -Dfile.encoding=GBK -Xbootclasspath:D:\android_sdk\platforms\android-19\android.jar 
java_command: com.android.opengl.ThisDemo
java_class_path (initial): D:\eclipse_workspace\OpenGL_1\bin\classes;D:\eclipse_workspace\OpenGL_1\libs\android-support-v4.jar
Launcher Type: SUN_STANDARD

Environment Variables:
JAVA_HOME=D:\jdk1.8.0_40
CLASSPATH=.;D:\jdk1.8.0_40\lib;D:\jdk1.8.0_40\lib\tools.jar;
PATH=D:/jdk1.8.0_40/bin/../jre/bin/server;D:/jdk1.8.0_40/bin/../jre/bin;D:/jdk1.8.0_40/bin/../jre/lib/amd64;D:\jdk1.8.0_40\bin;D:\jdk1.8.0_40\jre\bin;C:\ProgramData\Oracle\Java\javapath;C:\Program Files (x86)\Intel\iCLS Client\;C:\Program Files\Intel\iCLS Client\;C:\windows\system32;C:\windows;C:\windows\System32\Wbem;C:\windows\System32\WindowsPowerShell\v1.0\;C:\Program Files\Intel\Intel(R) Management Engine Components\DAL;C:\Program Files\Intel\Intel(R) Management Engine Components\IPT;C:\Program Files (x86)\Intel\Intel(R) Management Engine Components\DAL;C:\Program Files (x86)\Intel\Intel(R) Management Engine Components\IPT;C:\Program Files\Intel\WiFi\bin\;C:\Program Files\Common Files\Intel\WirelessCommon\;C:\Program Files\Lenovo\Fingerprint Manager Pro\;C:\ProgramData\Lenovo\ReadyApps;D:\eclipse;D:\software\kuwo\kuwomusic;D:\software\qq\Bin;D:\software\Wechat;D:\grd\JAVA\JDK_API_CHM;;C:\Users\Lee;
USERNAME=Lee
OS=Windows_NT
PROCESSOR_IDENTIFIER=Intel64 Family 6 Model 69 Stepping 1, GenuineIntel



---------------  S Y S T E M  ---------------

OS: Windows 8.1 , 64 bit Build 9600 (6.3.9600.16656)

CPU:total 4 (2 cores per cpu, 2 threads per core) family 6 model 69 stepping 1, cmov, cx8, fxsr, mmx, sse, sse2, sse3, ssse3, sse4.1, sse4.2, popcnt, avx, avx2, aes, clmul, erms, rtm, lzcnt, ht, tsc, tscinvbit, bmi1, bmi2

Memory: 4k page, physical 8265552k(4489144k free), swap 16654160k(12077768k free)

vm_info: Java HotSpot(TM) 64-Bit Server VM (25.40-b25) for windows-amd64 JRE (1.8.0_40-b25), built on Feb 10 2015 21:53:57 by "java_re" with MS VC++ 10.0 (VS2010)

time: Thu Jul 02 11:06:46 2015
elapsed time: 0 seconds (0d 0h 0m 0s)

